<?xml version="1.0" encoding="UTF-8"?>
<!-- Generated by org.testng.reporters.JUnitXMLReporter -->
<testsuite hostname="DESKTOP-LO19N79" ignored="24" name="Test" tests="7" failures="0" timestamp="06 Jan 2025 03:41:57 GMT" time="12.828" errors="0">
  <testcase name="launchMyApp" time="7.648" classname="basics.DemoBalze"/>
  <testcase name="launchMyApp" time="3.048" classname="basics.Google"/>
  <testcase name="title" time="2.397" classname="basics.Google"/>
  <testcase name="urlofmypage" time="0.05" classname="basics.Google"/>
  <testcase name="productclick" time="4.972" classname="basics.DemoBalze"/>
  <testcase name="title" time="0.1" classname="basics.DemoBalze"/>
  <testcase name="urlofmypage" time="0.015" classname="basics.DemoBalze"/>
  <testcase name="productclick" time="0.0" classname="basics.Blaze">
    <ignored/>
  </testcase> <!-- productclick -->
  <testcase name="login" time="0.0" classname="basics.DataProviderr">
    <ignored/>
  </testcase> <!-- login -->
  <testcase name="urlofmypage" time="0.0" classname="basics.Blaze">
    <ignored/>
  </testcase> <!-- urlofmypage -->
  <testcase name="test1" time="0.0" classname="basics.ExtendReportTestNG">
    <ignored/>
  </testcase> <!-- test1 -->
  <testcase name="f" time="0.0" classname="basics.Sample">
    <ignored/>
  </testcase> <!-- f -->
  <testcase name="urlofmypage" time="0.0" classname="basics.Amz">
    <ignored/>
  </testcase> <!-- urlofmypage -->
  <testcase name="productclick" time="0.0" classname="takescreenshots.Checks">
    <ignored/>
  </testcase> <!-- productclick -->
  <testcase name="c" time="0.0" classname="basics.Sample">
    <ignored/>
  </testcase> <!-- c -->
  <testcase name="urlofmypage" time="0.0" classname="takescreenshots.Checks">
    <ignored/>
  </testcase> <!-- urlofmypage -->
  <testcase name="b" time="0.0" classname="basics.Sample">
    <ignored/>
  </testcase> <!-- b -->
  <testcase name="clickOnAdvanceJavaLink" time="0.0" classname="takescreenshots.DemoListener">
    <ignored/>
  </testcase> <!-- clickOnAdvanceJavaLink -->
  <testcase name="a" time="0.0" classname="basics.Sample">
    <ignored/>
  </testcase> <!-- a -->
  <testcase name="title" time="0.0" classname="basics.Amz">
    <ignored/>
  </testcase> <!-- title -->
  <testcase name="title" time="0.0" classname="takescreenshots.Checks">
    <ignored/>
  </testcase> <!-- title -->
  <testcase name="OpenSite" time="0.0" classname="takescreenshots.DemoListener">
    <ignored/>
  </testcase> <!-- OpenSite -->
  <testcase name="launchMyApp" time="0.0" classname="basics.Assertss">
    <ignored/>
  </testcase> <!-- launchMyApp -->
  <testcase name="launchMyApp" time="0.0" classname="takescreenshots.Checks">
    <ignored/>
  </testcase> <!-- launchMyApp -->
  <testcase name="test2" time="0.0" classname="basics.ExtendReportTestNG">
    <ignored/>
  </testcase> <!-- test2 -->
  <testcase name="f" time="0.0" classname="basics.AnnotedMethodss">
    <ignored/>
  </testcase> <!-- f -->
  <testcase name="title" time="0.0" classname="basics.Blaze">
    <ignored/>
  </testcase> <!-- title -->
  <testcase name="a" time="0.0" classname="basics.AnnotedMethodss">
    <ignored/>
  </testcase> <!-- a -->
  <testcase name="launchMyApp" time="0.0" classname="basics.Blaze">
    <ignored/>
  </testcase> <!-- launchMyApp -->
  <testcase name="launchMyApp" time="0.0" classname="basics.Amz">
    <ignored/>
  </testcase> <!-- launchMyApp -->
  <testcase name="testToFail" time="0.0" classname="takescreenshots.DemoListener">
    <ignored/>
  </testcase> <!-- testToFail -->
</testsuite> <!-- Test -->
